This is pdfTeX, Version 3.14159265-2.6-1.40.20 (TeX Live 2019/W32TeX) (preloaded format=latex 2021.7.4)  28 JUL 2021 09:36
entering extended mode
 restricted \write18 enabled.
 %&-line parsing enabled.
**twemojis.ins
(./twemojis.ins
LaTeX2e <2018-12-01>
(c:/texlive/2019/texmf-dist/tex/latex/base/docstrip.tex
\blockLevel=\count80
\emptyLines=\count81
\processedLines=\count82
\commentsRemoved=\count83
\commentsPassed=\count84
\codeLinesPassed=\count85
\TotalprocessedLines=\count86
\TotalcommentsRemoved=\count87
\TotalcommentsPassed=\count88
\TotalcodeLinesPassed=\count89
\NumberOfFiles=\count90
\inFile=\read1
\inputcheck=\read2
\off@0=\count91
\off@1=\count92
\off@2=\count93
\off@3=\count94
\off@4=\count95
\off@5=\count96
\off@6=\count97
\off@7=\count98
\off@8=\count99
\off@9=\count100
\off@10=\count101
\off@11=\count102
\off@12=\count103
\off@13=\count104
\off@14=\count105
\off@15=\count106
\@maxfiles=\count107
\@maxoutfiles=\count108

Utility: `docstrip' 2.5g <2018/05/03>
English documentation    <2018/05/03>

**********************************************************
* This program converts documented macro-files into fast *
* loadable files by stripping off (nearly) all comments! *
**********************************************************

********************************************************
* No Configuration file found, using default settings. *
********************************************************

)

Generating file(s) ./twemojis.sty 
\openout0 = `./twemojis.sty'.


Processing file twemojis.dtx (twemojis) -> twemojis.sty
File twemojis.dtx ended by \endinput.
Lines  processed: 11518
Comments removed: 3566
Comments  passed: 0
Codelines passed: 7950

 ) 
Here is how much of TeX's memory you used:
 310 strings out of 492624
 3151 string characters out of 6133317
 65353 words of memory out of 5000000
 4317 multiletter control sequences out of 15000+600000
 3640 words of font info for 14 fonts, out of 8000000 for 9000
 1141 hyphenation exceptions out of 8191
 11i,0n,15p,319b,119s stack positions out of 5000i,500n,10000p,200000b,80000s

No pages of output.
